#
# There is insufficient memory for the Java Runtime Environment to continue.
# Native memory allocation (malloc) failed to allocate 32744 bytes for ChunkPool::allocate
# Possible reasons:
#   The system is out of physical RAM or swap space
#   The process is running with CompressedOops enabled, and the Java Heap may be blocking the growth of the native heap
# Possible solutions:
#   Reduce memory load on the system
#   Increase physical memory or swap space
#   Check if swap backing store is full
#   Decrease Java heap size (-Xmx/-Xms)
#   Decrease number of Java threads
#   Decrease Java thread stack sizes (-Xss)
#   Set larger code cache with -XX:ReservedCodeCacheSize=
#   JVM is running with Zero Based Compressed Oops mode in which the Java heap is
#     placed in the first 32GB address space. The Java Heap base address is the
#     maximum limit for the native heap growth. Please use -XX:HeapBaseMinAddress
#     to set the Java Heap base and to place the Java Heap above 32GB virtual address.
# This output file may be truncated or incomplete.
#
#  Out of Memory Error (allocation.cpp:272), pid=1692, tid=0x000000000000431c
#
# JRE version: Java(TM) SE Runtime Environment (8.0_351-b10) (build 1.8.0_351-b10)
# Java VM: Java HotSpot(TM) 64-Bit Server VM (25.351-b10 mixed mode windows-amd64 compressed oops)
# Failed to write core dump. Minidumps are not enabled by default on client versions of Windows
#

---------------  T H R E A D  ---------------

Current thread (0x000001bcffbfc800):  JavaThread "C1 CompilerThread3" daemon [_thread_in_native, id=17180, stack(0x0000006dbd100000,0x0000006dbd200000)]

Stack: [0x0000006dbd100000,0x0000006dbd200000]
Native frames: (J=compiled Java code, j=interpreted, Vv=VM code, C=native code)
V  [jvm.dll+0x3300b9]


Current CompileTask:
C1:  11943 4177       1       java.beans.Introspector::getTargetEventInfo (1082 bytes)


---------------  P R O C E S S  ---------------

Java Threads: ( => current thread )
  0x000001bc89e73000 JavaThread "DatebookHikariCP connection adder" daemon [_thread_in_native, id=17428, stack(0x0000006dbda00000,0x0000006dbdb00000)]
  0x000001bc89e71800 JavaThread "DatebookHikariCP housekeeper" daemon [_thread_blocked, id=17012, stack(0x0000006dbd900000,0x0000006dbda00000)]
  0x000001bc88085000 JavaThread "RMI TCP Connection(3)-192.168.3.111" daemon [_thread_in_native, id=21112, stack(0x0000006dbd800000,0x0000006dbd900000)]
  0x000001bc88676800 JavaThread "RMI Scheduler(0)" daemon [_thread_blocked, id=21476, stack(0x0000006dbd600000,0x0000006dbd700000)]
  0x000001bc8852c000 JavaThread "RMI TCP Connection(2)-192.168.3.111" daemon [_thread_in_native, id=4620, stack(0x0000006dbd500000,0x0000006dbd600000)]
  0x000001bc8811e000 JavaThread "RMI TCP Accept-0" daemon [_thread_in_native, id=10752, stack(0x0000006dbd300000,0x0000006dbd400000)]
  0x000001bcffc04800 JavaThread "Service Thread" daemon [_thread_blocked, id=15344, stack(0x0000006dbd200000,0x0000006dbd300000)]
=>0x000001bcffbfc800 JavaThread "C1 CompilerThread3" daemon [_thread_in_native, id=17180, stack(0x0000006dbd100000,0x0000006dbd200000)]
  0x000001bcffbff800 JavaThread "C2 CompilerThread2" daemon [_thread_blocked, id=4728, stack(0x0000006dbd000000,0x0000006dbd100000)]
  0x000001bcffbf4000 JavaThread "C2 CompilerThread1" daemon [_thread_blocked, id=19720, stack(0x0000006dbcf00000,0x0000006dbd000000)]
  0x000001bcffbeb000 JavaThread "C2 CompilerThread0" daemon [_thread_blocked, id=1176, stack(0x0000006dbce00000,0x0000006dbcf00000)]
  0x000001bcffbe9800 JavaThread "Monitor Ctrl-Break" daemon [_thread_in_native, id=13724, stack(0x0000006dbcd00000,0x0000006dbce00000)]
  0x000001bcff084800 JavaThread "Attach Listener" daemon [_thread_blocked, id=1868, stack(0x0000006dbcc00000,0x0000006dbcd00000)]
  0x000001bcff083800 JavaThread "Signal Dispatcher" daemon [_thread_blocked, id=15912, stack(0x0000006dbcb00000,0x0000006dbcc00000)]
  0x000001bcfcddc000 JavaThread "Finalizer" daemon [_thread_blocked, id=18784, stack(0x0000006dbca00000,0x0000006dbcb00000)]
  0x000001bcfcdd4000 JavaThread "Reference Handler" daemon [_thread_blocked, id=9920, stack(0x0000006dbc900000,0x0000006dbca00000)]
  0x000001bce9a19800 JavaThread "main" [_thread_in_vm, id=8960, stack(0x0000006dbbd00000,0x0000006dbbe00000)]

Other Threads:
  0x000001bcfcdac800 VMThread [stack: 0x0000006dbc800000,0x0000006dbc900000] [id=21324]
  0x000001bc8812d800 WatcherThread [stack: 0x0000006dbd400000,0x0000006dbd500000] [id=8964]

VM state:not at safepoint (normal execution)

VM Mutex/Monitor currently owned by a thread: None

heap address: 0x00000006c3a00000, size: 4038 MB, Compressed Oops mode: Zero based, Oop shift amount: 3
Narrow klass base: 0x0000000000000000, Narrow klass shift: 3
Compressed class space size: 1073741824 Address: 0x00000007c0000000

Heap:
 PSYoungGen      total 158208K, used 115875K [0x000000076be00000, 0x0000000777180000, 0x00000007c0000000)
  eden space 142848K, 74% used [0x000000076be00000,0x0000000772597248,0x0000000774980000)
  from space 15360K, 63% used [0x0000000774980000,0x0000000775311b30,0x0000000775880000)
  to   space 15360K, 0% used [0x0000000775880000,0x0000000775880000,0x0000000776780000)
 ParOldGen       total 154112K, used 21211K [0x00000006c3a00000, 0x00000006cd080000, 0x000000076be00000)
  object space 154112K, 13% used [0x00000006c3a00000,0x00000006c4eb6de0,0x00000006cd080000)
 Metaspace       used 41169K, capacity 42592K, committed 42664K, reserved 1085440K
  class space    used 5483K, capacity 5772K, committed 5808K, reserved 1048576K

Card table byte_map: [0x000001bcfacd0000,0x000001bcfb4c0000] byte_map_base: 0x000001bcf76b3000

Marking Bits: (ParMarkBitMap*) 0x0000000074e48fd0
 Begin Bits: [0x000001bc80000000, 0x000001bc83f18000)
 End Bits:   [0x000001bc83f18000, 0x000001bc87e30000)

Polling page: 0x000001bce9970000

CodeCache: size=245760Kb used=8477Kb max_used=8506Kb free=237282Kb
 bounds [0x000001bceb910000, 0x000001bcec160000, 0x000001bcfa910000]
 total_blobs=4659 nmethods=4120 adapters=449
 compilation: enabled

Compilation events (10 events):
Event: 11.932 Thread 0x000001bcffbfc800 nmethod 4172 0x000001bcebf642d0 code [0x000001bcebf64480, 0x000001bcebf64970]
Event: 11.932 Thread 0x000001bcffbfc800 4173       1       java.beans.PropertyDescriptor::getPropertyType0 (22 bytes)
Event: 11.932 Thread 0x000001bcffbfc800 nmethod 4173 0x000001bcebf63f50 code [0x000001bcebf640c0, 0x000001bcebf64250]
Event: 11.933 Thread 0x000001bcffbfc800 4174       1       org.springframework.util.ReflectionUtils::findConcreteMethodsOnInterfaces (100 bytes)
Event: 11.933 Thread 0x000001bcffbfc800 nmethod 4174 0x000001bcebdd9d10 code [0x000001bcebdd9ec0, 0x000001bcebdda220]
Event: 11.933 Thread 0x000001bcffbfc800 4175       1       java.util.LinkedList::toArray (39 bytes)
Event: 11.934 Thread 0x000001bcffbfc800 nmethod 4175 0x000001bcebb60e90 code [0x000001bcebb61000, 0x000001bcebb61278]
Event: 11.934 Thread 0x000001bcffbfc800 4176   !   1       com.sun.proxy.$Proxy45::annotationType (29 bytes)
Event: 11.934 Thread 0x000001bcffbfc800 nmethod 4176 0x000001bcebdd9850 code [0x000001bcebdd99c0, 0x000001bcebdd9be0]
Event: 11.935 Thread 0x000001bcffbfc800 4177       1       java.beans.Introspector::getTargetEventInfo (1082 bytes)

GC Heap History (10 events):
Event: 5.348 GC heap before
{Heap before GC invocations=7 (full 1):
 PSYoungGen      total 75776K, used 72066K [0x000000076be00000, 0x0000000773100000, 0x00000007c0000000)
  eden space 65024K, 100% used [0x000000076be00000,0x000000076fd80000,0x000000076fd80000)
  from space 10752K, 65% used [0x000000076fd80000,0x0000000770460890,0x0000000770800000)
  to   space 11264K, 0% used [0x0000000772600000,0x0000000772600000,0x0000000773100000)
 ParOldGen       total 103424K, used 9878K [0x00000006c3a00000, 0x00000006c9f00000, 0x000000076be00000)
  object space 103424K, 9% used [0x00000006c3a00000,0x00000006c43a5ad0,0x00000006c9f00000)
 Metaspace       used 28107K, capacity 29248K, committed 29488K, reserved 1075200K
  class space    used 3770K, capacity 4044K, committed 4144K, reserved 1048576K
Event: 5.354 GC heap after
Heap after GC invocations=7 (full 1):
 PSYoungGen      total 105472K, used 11063K [0x000000076be00000, 0x0000000773a80000, 0x00000007c0000000)
  eden space 94208K, 0% used [0x000000076be00000,0x000000076be00000,0x0000000771a00000)
  from space 11264K, 98% used [0x0000000772600000,0x00000007730cdd60,0x0000000773100000)
  to   space 12288K, 0% used [0x0000000771a00000,0x0000000771a00000,0x0000000772600000)
 ParOldGen       total 103424K, used 9886K [0x00000006c3a00000, 0x00000006c9f00000, 0x000000076be00000)
  object space 103424K, 9% used [0x00000006c3a00000,0x00000006c43a7ad0,0x00000006c9f00000)
 Metaspace       used 28107K, capacity 29248K, committed 29488K, reserved 1075200K
  class space    used 3770K, capacity 4044K, committed 4144K, reserved 1048576K
}
Event: 10.870 GC heap before
{Heap before GC invocations=8 (full 1):
 PSYoungGen      total 105472K, used 69954K [0x000000076be00000, 0x0000000773a80000, 0x00000007c0000000)
  eden space 94208K, 62% used [0x000000076be00000,0x000000076f782c10,0x0000000771a00000)
  from space 11264K, 98% used [0x0000000772600000,0x00000007730cdd60,0x0000000773100000)
  to   space 12288K, 0% used [0x0000000771a00000,0x0000000771a00000,0x0000000772600000)
 ParOldGen       total 103424K, used 9886K [0x00000006c3a00000, 0x00000006c9f00000, 0x000000076be00000)
  object space 103424K, 9% used [0x00000006c3a00000,0x00000006c43a7ad0,0x00000006c9f00000)
 Metaspace       used 34202K, capacity 35386K, committed 35496K, reserved 1079296K
  class space    used 4499K, capacity 4761K, committed 4784K, reserved 1048576K
Event: 10.876 GC heap after
Heap after GC invocations=8 (full 1):
 PSYoungGen      total 106496K, used 12280K [0x000000076be00000, 0x0000000776780000, 0x00000007c0000000)
  eden space 94208K, 0% used [0x000000076be00000,0x000000076be00000,0x0000000771a00000)
  from space 12288K, 99% used [0x0000000771a00000,0x00000007725fe330,0x0000000772600000)
  to   space 15360K, 0% used [0x0000000775880000,0x0000000775880000,0x0000000776780000)
 ParOldGen       total 103424K, used 12649K [0x00000006c3a00000, 0x00000006c9f00000, 0x000000076be00000)
  object space 103424K, 12% used [0x00000006c3a00000,0x00000006c465a510,0x00000006c9f00000)
 Metaspace       used 34202K, capacity 35386K, committed 35496K, reserved 1079296K
  class space    used 4499K, capacity 4761K, committed 4784K, reserved 1048576K
}
Event: 10.876 GC heap before
{Heap before GC invocations=9 (full 2):
 PSYoungGen      total 106496K, used 12280K [0x000000076be00000, 0x0000000776780000, 0x00000007c0000000)
  eden space 94208K, 0% used [0x000000076be00000,0x000000076be00000,0x0000000771a00000)
  from space 12288K, 99% used [0x0000000771a00000,0x00000007725fe330,0x0000000772600000)
  to   space 15360K, 0% used [0x0000000775880000,0x0000000775880000,0x0000000776780000)
 ParOldGen       total 103424K, used 12649K [0x00000006c3a00000, 0x00000006c9f00000, 0x000000076be00000)
  object space 103424K, 12% used [0x00000006c3a00000,0x00000006c465a510,0x00000006c9f00000)
 Metaspace       used 34202K, capacity 35386K, committed 35496K, reserved 1079296K
  class space    used 4499K, capacity 4761K, committed 4784K, reserved 1048576K
Event: 10.903 GC heap after
Heap after GC invocations=9 (full 2):
 PSYoungGen      total 106496K, used 0K [0x000000076be00000, 0x0000000776780000, 0x00000007c0000000)
  eden space 94208K, 0% used [0x000000076be00000,0x000000076be00000,0x0000000771a00000)
  from space 12288K, 0% used [0x0000000771a00000,0x0000000771a00000,0x0000000772600000)
  to   space 15360K, 0% used [0x0000000775880000,0x0000000775880000,0x0000000776780000)
 ParOldGen       total 154112K, used 21195K [0x00000006c3a00000, 0x00000006cd080000, 0x000000076be00000)
  object space 154112K, 13% used [0x00000006c3a00000,0x00000006c4eb2de0,0x00000006cd080000)
 Metaspace       used 34202K, capacity 35386K, committed 35496K, reserved 1079296K
  class space    used 4499K, capacity 4761K, committed 4784K, reserved 1048576K
}
Event: 11.156 GC heap before
{Heap before GC invocations=10 (full 2):
 PSYoungGen      total 106496K, used 94208K [0x000000076be00000, 0x0000000776780000, 0x00000007c0000000)
  eden space 94208K, 100% used [0x000000076be00000,0x0000000771a00000,0x0000000771a00000)
  from space 12288K, 0% used [0x0000000771a00000,0x0000000771a00000,0x0000000772600000)
  to   space 15360K, 0% used [0x0000000775880000,0x0000000775880000,0x0000000776780000)
 ParOldGen       total 154112K, used 21195K [0x00000006c3a00000, 0x00000006cd080000, 0x000000076be00000)
  object space 154112K, 13% used [0x00000006c3a00000,0x00000006c4eb2de0,0x00000006cd080000)
 Metaspace       used 36068K, capacity 37368K, committed 37544K, reserved 1081344K
  class space    used 4750K, capacity 5016K, committed 5040K, reserved 1048576K
Event: 11.159 GC heap after
Heap after GC invocations=10 (full 2):
 PSYoungGen      total 158208K, used 5266K [0x000000076be00000, 0x0000000777180000, 0x00000007c0000000)
  eden space 142848K, 0% used [0x000000076be00000,0x000000076be00000,0x0000000774980000)
  from space 15360K, 34% used [0x0000000775880000,0x0000000775da4a20,0x0000000776780000)
  to   space 15360K, 0% used [0x0000000774980000,0x0000000774980000,0x0000000775880000)
 ParOldGen       total 154112K, used 21203K [0x00000006c3a00000, 0x00000006cd080000, 0x000000076be00000)
  object space 154112K, 13% used [0x00000006c3a00000,0x00000006c4eb4de0,0x00000006cd080000)
 Metaspace       used 36068K, capacity 37368K, committed 37544K, reserved 1081344K
  class space    used 4750K, capacity 5016K, committed 5040K, reserved 1048576K
}
Event: 11.613 GC heap before
{Heap before GC invocations=11 (full 2):
 PSYoungGen      total 158208K, used 148114K [0x000000076be00000, 0x0000000777180000, 0x00000007c0000000)
  eden space 142848K, 100% used [0x000000076be00000,0x0000000774980000,0x0000000774980000)
  from space 15360K, 34% used [0x0000000775880000,0x0000000775da4a20,0x0000000776780000)
  to   space 15360K, 0% used [0x0000000774980000,0x0000000774980000,0x0000000775880000)
 ParOldGen       total 154112K, used 21203K [0x00000006c3a00000, 0x00000006cd080000, 0x000000076be00000)
  object space 154112K, 13% used [0x00000006c3a00000,0x00000006c4eb4de0,0x00000006cd080000)
 Metaspace       used 39317K, capacity 40700K, committed 40872K, reserved 1085440K
  class space    used 5261K, capacity 5550K, committed 5552K, reserved 1048576K
Event: 11.619 GC heap after
Heap after GC invocations=11 (full 2):
 PSYoungGen      total 158208K, used 9798K [0x000000076be00000, 0x0000000777180000, 0x00000007c0000000)
  eden space 142848K, 0% used [0x000000076be00000,0x000000076be00000,0x0000000774980000)
  from space 15360K, 63% used [0x0000000774980000,0x0000000775311b30,0x0000000775880000)
  to   space 15360K, 0% used [0x0000000775880000,0x0000000775880000,0x0000000776780000)
 ParOldGen       total 154112K, used 21211K [0x00000006c3a00000, 0x00000006cd080000, 0x000000076be00000)
  object space 154112K, 13% used [0x00000006c3a00000,0x00000006c4eb6de0,0x00000006cd080000)
 Metaspace       used 39317K, capacity 40700K, committed 40872K, reserved 1085440K
  class space    used 5261K, capacity 5550K, committed 5552K, reserved 1048576K
}

Deoptimization events (0 events):
No events

Classes redefined (0 events):
No events

Internal exceptions (10 events):
Event: 11.932 Thread 0x000001bce9a19800 Exception <a 'java/lang/ClassNotFoundException': org/aopalliance/intercept/MethodInterceptorCustomizer> (0x0000000771ecd2e8) thrown at [C:\jenkins\workspace\8-2-build-windows-x64-cygwin\jdk8u351\2908\hotspot\src\share\vm\classfile\systemDictionary.cpp, li
Event: 11.932 Thread 0x000001bce9a19800 Exception <a 'java/lang/ClassNotFoundException': org/springframework/beans/factory/BeanFactoryAwareCustomizer> (0x0000000771f11da0) thrown at [C:\jenkins\workspace\8-2-build-windows-x64-cygwin\jdk8u351\2908\hotspot\src\share\vm\classfile\systemDictionary.
Event: 11.933 Thread 0x000001bce9a19800 Exception <a 'java/lang/ClassNotFoundException': org/springframework/beans/factory/InitializingBeanCustomizer> (0x0000000771f57518) thrown at [C:\jenkins\workspace\8-2-build-windows-x64-cygwin\jdk8u351\2908\hotspot\src\share\vm\classfile\systemDictionary.
Event: 11.934 Thread 0x000001bce9a19800 Exception <a 'java/lang/ClassNotFoundException': java/lang/ObjectCustomizer> (0x0000000771f85a10) thrown at [C:\jenkins\workspace\8-2-build-windows-x64-cygwin\jdk8u351\2908\hotspot\src\share\vm\classfile\systemDictionary.cpp, line 212]
Event: 11.934 Thread 0x000001bce9a19800 Exception <a 'java/lang/ClassNotFoundException': org/springframework/aop/support/AbstractPointcutAdvisorCustomizer> (0x0000000771fcfbb0) thrown at [C:\jenkins\workspace\8-2-build-windows-x64-cygwin\jdk8u351\2908\hotspot\src\share\vm\classfile\systemDictio
Event: 11.935 Thread 0x000001bce9a19800 Exception <a 'java/lang/ClassNotFoundException': org/springframework/aop/support/AbstractBeanFactoryPointcutAdvisorCustomizer> (0x0000000772024d78) thrown at [C:\jenkins\workspace\8-2-build-windows-x64-cygwin\jdk8u351\2908\hotspot\src\share\vm\classfile\s
Event: 11.935 Thread 0x000001bce9a19800 Exception <a 'java/lang/ClassNotFoundException': org/springframework/transaction/interceptor/BeanFactoryTransactionAttributeSourceAdvisorCustomizer> (0x000000077208cc70) thrown at [C:\jenkins\workspace\8-2-build-windows-x64-cygwin\jdk8u351\2908\hotspot\sr
Event: 11.936 Thread 0x000001bce9a19800 Exception <a 'java/lang/ClassNotFoundException': org/springframework/beans/factory/BeanFactoryAwareCustomizer> (0x00000007720db050) thrown at [C:\jenkins\workspace\8-2-build-windows-x64-cygwin\jdk8u351\2908\hotspot\src\share\vm\classfile\systemDictionary.
Event: 11.936 Thread 0x000001bce9a19800 Exception <a 'java/lang/ClassNotFoundException': org/springframework/aop/PointcutAdvisorCustomizer> (0x0000000772116cd8) thrown at [C:\jenkins\workspace\8-2-build-windows-x64-cygwin\jdk8u351\2908\hotspot\src\share\vm\classfile\systemDictionary.cpp, line 2
Event: 11.937 Thread 0x000001bce9a19800 Exception <a 'java/lang/ClassNotFoundException': org/springframework/core/OrderedCustomizer> (0x000000077214c328) thrown at [C:\jenkins\workspace\8-2-build-windows-x64-cygwin\jdk8u351\2908\hotspot\src\share\vm\classfile\systemDictionary.cpp, line 212]

Events (10 events):
Event: 11.936 loading class org/springframework/aop/PointcutAdvisorCustomizer
Event: 11.936 loading class org/springframework/aop/PointcutAdvisorCustomizer done
Event: 11.936 loading class org/springframework/core/OrderedCustomizer
Event: 11.936 loading class org/springframework/core/OrderedCustomizer done
Event: 11.937 loading class org/springframework/core/OrderedCustomizer
Event: 11.937 loading class org/springframework/core/OrderedCustomizer done
Event: 11.937 loading class org/springframework/core/OrderedCustomizer
Event: 11.937 loading class org/springframework/core/OrderedCustomizer done
Event: 11.937 loading class org/springframework/aop/aspectj/AspectJPointcutAdvisor
Event: 11.937 loading class org/springframework/aop/aspectj/AspectJPointcutAdvisor done


Dynamic libraries:
0x00007ff73eaa0000 - 0x00007ff73eae7000 	E:\jdk1.8.0_351\bin\java.exe
0x00007ffc181d0000 - 0x00007ffc183c4000 	C:\Windows\SYSTEM32\ntdll.dll
0x00007ffc16960000 - 0x00007ffc16a1d000 	C:\Windows\System32\KERNEL32.DLL
0x00007ffc15bd0000 - 0x00007ffc15e97000 	C:\Windows\System32\KERNELBASE.dll
0x00007ffc166c0000 - 0x00007ffc1676a000 	C:\Windows\System32\ADVAPI32.dll
0x00007ffc16cd0000 - 0x00007ffc16d6e000 	C:\Windows\System32\msvcrt.dll
0x00007ffc16240000 - 0x00007ffc162db000 	C:\Windows\System32\sechost.dll
0x00007ffc16a20000 - 0x00007ffc16b43000 	C:\Windows\System32\RPCRT4.dll
0x00007ffc17a90000 - 0x00007ffc17c30000 	C:\Windows\System32\USER32.dll
0x00007ffc15b20000 - 0x00007ffc15b42000 	C:\Windows\System32\win32u.dll
0x00007ffc17c90000 - 0x00007ffc17cba000 	C:\Windows\System32\GDI32.dll
0x00007ffc15ea0000 - 0x00007ffc15fa9000 	C:\Windows\System32\gdi32full.dll
0x00007ffc161a0000 - 0x00007ffc1623d000 	C:\Windows\System32\msvcp_win.dll
0x00007ffc15970000 - 0x00007ffc15a70000 	C:\Windows\System32\ucrtbase.dll
0x00007ffc144f0000 - 0x00007ffc1478a000 	C:\Windows\WinSxS\amd64_microsoft.windows.common-controls_6595b64144ccf1df_6.0.19041.1_none_b555e41d4684ddec\COMCTL32.dll
0x00007ffc17a60000 - 0x00007ffc17a90000 	C:\Windows\System32\IMM32.DLL
0x0000000076e40000 - 0x0000000076e4c000 	E:\360Safe\safemon\SafeWrapper.dll
0x00007ffbface0000 - 0x00007ffbfad81000 	E:\360Safe\safemon\libzdtp64.dll
0x00007ffc17160000 - 0x00007ffc17891000 	C:\Windows\System32\SHELL32.dll
0x00007ffc17c30000 - 0x00007ffc17c85000 	C:\Windows\System32\SHLWAPI.dll
0x00007ffc15680000 - 0x00007ffc1568a000 	C:\Windows\SYSTEM32\VERSION.dll
0x00007ffc10c60000 - 0x00007ffc10c75000 	E:\jdk1.8.0_351\jre\bin\vcruntime140.dll
0x00007ffc06900000 - 0x00007ffc0699b000 	E:\jdk1.8.0_351\jre\bin\msvcp140.dll
0x0000000074660000 - 0x0000000074ec1000 	E:\jdk1.8.0_351\jre\bin\server\jvm.dll
0x00007ffc16950000 - 0x00007ffc16958000 	C:\Windows\System32\PSAPI.DLL
0x00007ffbfd170000 - 0x00007ffbfd197000 	C:\Windows\SYSTEM32\WINMM.dll
0x00007ffbf3e90000 - 0x00007ffbf3e99000 	C:\Windows\SYSTEM32\WSOCK32.dll
0x00007ffc170f0000 - 0x00007ffc1715b000 	C:\Windows\System32\WS2_32.dll
0x00007ffc13ae0000 - 0x00007ffc13af3000 	C:\Windows\SYSTEM32\kernel.appcore.dll
0x00007ffc10c50000 - 0x00007ffc10c60000 	E:\jdk1.8.0_351\jre\bin\verify.dll
0x00007ffc068d0000 - 0x00007ffc068fb000 	E:\jdk1.8.0_351\jre\bin\java.dll
0x00007ffbfec10000 - 0x00007ffbfec40000 	E:\jdk1.8.0_351\jre\bin\instrument.dll
0x00007ffc0e3c0000 - 0x00007ffc0e3d8000 	E:\jdk1.8.0_351\jre\bin\zip.dll
0x00007ffc13230000 - 0x00007ffc139ba000 	C:\Windows\SYSTEM32\windows.storage.dll
0x00007ffc16d90000 - 0x00007ffc170e4000 	C:\Windows\System32\combase.dll
0x00007ffc14ec0000 - 0x00007ffc14eeb000 	C:\Windows\SYSTEM32\Wldp.dll
0x00007ffc16770000 - 0x00007ffc1681e000 	C:\Windows\System32\SHCORE.dll
0x00007ffc15860000 - 0x00007ffc1587f000 	C:\Windows\SYSTEM32\profapi.dll
0x00007ffc05cd0000 - 0x00007ffc05cea000 	E:\IntelliJ IDEA 2020.3.1\bin\breakgen64.dll
0x00007ffc068a0000 - 0x00007ffc068bc000 	E:\jdk1.8.0_351\jre\bin\net.dll
0x00007ffc14c60000 - 0x00007ffc14cca000 	C:\Windows\system32\mswsock.dll
0x00007ffc14990000 - 0x00007ffc14a5a000 	C:\Windows\SYSTEM32\DNSAPI.dll
0x00007ffc14950000 - 0x00007ffc1498b000 	C:\Windows\SYSTEM32\IPHLPAPI.DLL
0x00007ffc168d0000 - 0x00007ffc168d9000 	C:\Windows\System32\NSI.dll
0x0000000075310000 - 0x0000000075336000 	C:\Program Files\Bonjour\mdnsNSP.dll
0x00007ffc0ca60000 - 0x00007ffc0ca6a000 	C:\Windows\System32\rasadhlp.dll
0x00007ffc0bd50000 - 0x00007ffc0bdcf000 	C:\Windows\System32\fwpuclnt.dll
0x00007ffc15fb0000 - 0x00007ffc15fd7000 	C:\Windows\System32\bcrypt.dll
0x00007ffc06850000 - 0x00007ffc0685d000 	E:\jdk1.8.0_351\jre\bin\management.dll
0x00007ffc06880000 - 0x00007ffc06893000 	E:\jdk1.8.0_351\jre\bin\nio.dll
0x00007ffc15570000 - 0x00007ffc15588000 	C:\Windows\SYSTEM32\CRYPTSP.dll
0x00007ffc142d0000 - 0x00007ffc14304000 	C:\Windows\system32\rsaenh.dll
0x00007ffc157e0000 - 0x00007ffc1580e000 	C:\Windows\SYSTEM32\USERENV.dll
0x00007ffc15b50000 - 0x00007ffc15bcf000 	C:\Windows\System32\bcryptprimitives.dll
0x00007ffc14e30000 - 0x00007ffc14e3c000 	C:\Windows\SYSTEM32\CRYPTBASE.dll
0x00007ffc0e880000 - 0x00007ffc0e897000 	C:\Windows\SYSTEM32\dhcpcsvc6.DLL
0x00007ffc0e860000 - 0x00007ffc0e87d000 	C:\Windows\SYSTEM32\dhcpcsvc.DLL
0x00007ffbe64c0000 - 0x00007ffbe64d7000 	C:\Windows\system32\napinsp.dll
0x00007ffbe64a0000 - 0x00007ffbe64bb000 	C:\Windows\system32\pnrpnsp.dll
0x00007ffbe6480000 - 0x00007ffbe6495000 	C:\Windows\system32\wshbth.dll
0x00007ffc10a00000 - 0x00007ffc10a1d000 	C:\Windows\system32\NLAapi.dll
0x00007ffbe6460000 - 0x00007ffbe6472000 	C:\Windows\System32\winrnr.dll
0x00007ffc11880000 - 0x00007ffc118a4000 	E:\jdk1.8.0_351\jre\bin\sunec.dll
0x00007ffc11870000 - 0x00007ffc1187d000 	E:\jdk1.8.0_351\jre\bin\sunmscapi.dll
0x00007ffc15fe0000 - 0x00007ffc1613d000 	C:\Windows\System32\CRYPT32.dll
0x00007ffc14f50000 - 0x00007ffc14f77000 	C:\Windows\SYSTEM32\ncrypt.dll
0x00007ffc14ef0000 - 0x00007ffc14f2b000 	C:\Windows\SYSTEM32\NTASN1.dll

VM Arguments:
jvm_args: -XX:TieredStopAtLevel=1 -Xverify:none -Dspring.output.ansi.enabled=always -javaagent:E:\IntelliJ IDEA 2020.3.1\lib\idea_rt.jar=9862:E:\IntelliJ IDEA 2020.3.1\bin -Dcom.sun.management.jmxremote -Dspring.jmx.enabled=true -Dspring.liveBeansView.mbeanDomain -Dspring.application.admin.enabled=true -Dfile.encoding=UTF-8 
java_command: com.tjpu.auth.AuthSystemApplication
java_class_path (initial): E:\jdk1.8.0_351\jre\lib\charsets.jar;E:\jdk1.8.0_351\jre\lib\deploy.jar;E:\jdk1.8.0_351\jre\lib\ext\access-bridge-64.jar;E:\jdk1.8.0_351\jre\lib\ext\cldrdata.jar;E:\jdk1.8.0_351\jre\lib\ext\dnsns.jar;E:\jdk1.8.0_351\jre\lib\ext\jaccess.jar;E:\jdk1.8.0_351\jre\lib\ext\jfxrt.jar;E:\jdk1.8.0_351\jre\lib\ext\localedata.jar;E:\jdk1.8.0_351\jre\lib\ext\nashorn.jar;E:\jdk1.8.0_351\jre\lib\ext\sunec.jar;E:\jdk1.8.0_351\jre\lib\ext\sunjce_provider.jar;E:\jdk1.8.0_351\jre\lib\ext\sunmscapi.jar;E:\jdk1.8.0_351\jre\lib\ext\sunpkcs11.jar;E:\jdk1.8.0_351\jre\lib\ext\zipfs.jar;E:\jdk1.8.0_351\jre\lib\javaws.jar;E:\jdk1.8.0_351\jre\lib\jce.jar;E:\jdk1.8.0_351\jre\lib\jfr.jar;E:\jdk1.8.0_351\jre\lib\jfxswt.jar;E:\jdk1.8.0_351\jre\lib\jsse.jar;E:\jdk1.8.0_351\jre\lib\management-agent.jar;E:\jdk1.8.0_351\jre\lib\plugin.jar;E:\jdk1.8.0_351\jre\lib\resources.jar;E:\jdk1.8.0_351\jre\lib\rt.jar;E:\毕设系统\bs\authsystem\park_authsystem_web\target\classes;E:\毕设系统\bs\authsystem\park_authsystem_model\target\classes;D:\maven3.6.3\maven_repository\org\bouncycastle\bcprov-jdk15on\1.56\bcprov-jdk15on-1.56.jar;E:\毕设系统\bs\authsystem\park_authsystem_service\target\classes;E:\毕设系统\bs\authsystem\park_authsystem_dao\target\classes;E:\毕设系统\bs\authsystem\park_authsystem_common\target\classes;D:\maven3.6.3\maven_repository\com\google\code\gson\gson\2.8.5\gson-2.8.5.jar;D:\maven3.6.3\maven_repository\org\springframework\boot\spring-boot-starter-web\2.0.3.RELEASE\spring-boot-starter-web-2.0.3.RELEASE.jar;D:\maven3.6.3\maven_repository\org\springframework\boot\spring-boot-starter-json\2.0.3.RELEASE\spring-boot-starter-json-2.0.3.RELEASE.jar;D:\maven3.6.3\maven_repository\com\fasterxml\jackson\datatype\jackson-datatype-jdk8\2.9.6\jackson-datatype-jdk8-2.9.6.jar;D:\maven3.6.3\maven_repository\com\fasterxml\jackson\datatype\jackson-datatype-jsr310\2.9.6\jackson-datatype-jsr310-2.9.6.jar;D:\maven3.6.3\maven_repository\com\fasterxml\jackson\module\jackson-module-param
Launcher Type: SUN_STANDARD

Environment Variables:
JAVA_HOME=E:\jdk1.8.0_351
CLASSPATH= .;E:\jdk1.8.0_351\lib;E:\jdk1.8.0_351\lib\tools.jar
PATH=C:\Program Files\Common Files\Oracle\Java\javapath;C:\Program Files (x86)\Common Files\Oracle\Java\javapath;E:\VMware-workstation\bin\;D:\nodejs\node_global\node_modules;C:\Program Files\dotnet\;D:\MiKTeX\install\miktex\bin\x64;C:\Windows\System32\cmd.exe;D:\nodejs\;D:\MongoDB\bin;C:\Program Files (x86)\NVIDIA Corporation\PhysX\Common;E:\傲梅备份\AOMEI\AOMEI Backupper\6.9.0;C:\Program Files\Microsoft SQL Server\Client SDK\ODBC\170\Tools\Binn\;C:\Program Files (x86)\Microsoft SQL Server\150\Tools\Binn\;C:\Program Files\Microsoft SQL Server\150\Tools\Binn\;C:\Program Files\Microsoft SQL Server\150\DTS\Binn\;C:\Program Files (x86)\Microsoft SQL Server\150\DTS\Binn\;C:\Program Files\Azure Data Studio\bin;E:\jdk1.8.0_351\bin;E:\jdk1.8.0_351\jre\bin;C:\Program Files (x86)\ZeroTier\One\;D:\MongoDB\bin;E:\anaconda3;E:\anaconda3\Library\mingw-w64\bin;E:\anaconda3\Library\usr\bin;E:\anaconda3\Library\bin;E:\anaconda3\Scripts;C:\Users\Administrator\AppData\Local\Programs\Python\Python39\Scripts\;C:\Users\Administrator\AppData\Local\Programs\Python\Python39\;C:\Users\Administrator\AppData\Local\Microsoft\WindowsApps;E:\PyCharm Community Edition 2020.3.2\bin;;E:\IntelliJ IDEA Community Edition 2020.3.1\bin;;E:\PyCharm 2020.3.2\bin;;E:\IntelliJ IDEA 2020.3.1\bin;;E:\Microsoft VS Code\bin;E:\WebStorm\WebStorm 2021.3.2\bin;;D:\nodejs;D:\nodejs\node_global;D:\nodejs\node_global;D:\MiKTeX\install\miktex\bin\x64\;C:\Windows\System32\cmd.exe;C:\Users\Administrator\AppData\Roaming\npm;C:\Program Files\Azure Data Studio\bin;C:\Windows\system32;C:\Windows;C:\Windows\System32\Wbem;C:\Windows\SysWOW64;D:\maven3.8.7\apache-maven-3.8.7\bin;D:\Erlang\Erlang OTP\bin;D:\Rabbitmq\rabbitmq_server-3.11.6\sbin;D:\MongoDB\bin;E:\jdk1.8.0_351\bin;D:\maven3.6.3\apache-maven-3.6.3\bin;
USERNAME=KunTing
OS=Windows_NT
PROCESSOR_IDENTIFIER=Intel64 Family 6 Model 165 Stepping 2, GenuineIntel



---------------  S Y S T E M  ---------------

OS: Windows 10 , 64 bit Build 19041 (10.0.19041.207)

CPU:total 12 (initial active 12) (6 cores per cpu, 2 threads per core) family 6 model 165 stepping 2, cmov, cx8, fxsr, mmx, sse, sse2, sse3, ssse3, sse4.1, sse4.2, popcnt, avx, avx2, aes, clmul, erms, 3dnowpref, lzcnt, ht, tsc, tscinvbit, bmi1, bmi2, adx

Memory: 4k page, physical 16533188k(5544048k free), swap 16553668k(5140k free)

vm_info: Java HotSpot(TM) 64-Bit Server VM (25.351-b10) for windows-amd64 JRE (1.8.0_351-b10), built on Sep 15 2022 02:58:06 by "java_re" with MS VC++ 15.9 (VS2017)

time: Sat Feb  4 12:21:22 2023
timezone: Intel64 Family 6 Model 165 Stepping 2, GenuineIntel
elapsed time: 11.946894 seconds (0d 0h 0m 11s)

